# JRE version: OpenJDK Runtime Environment (Zulu 8.68.0.21-CA-win64) (8.0_362-b09) (build 1.8.0_362-b09)
# Java VM: OpenJDK 64-Bit Server VM (25.362-b09 mixed mode windows-amd64 compressed oops)
Heap:
 PSYoungGen      total 75776K, used 9385K [0x00000000d5580000, 0x00000000de980000, 0x0000000100000000)
  eden space 65024K, 0% used [0x00000000d5580000,0x00000000d5580000,0x00000000d9500000)
  from space 10752K, 87% used [0x00000000d9f80000,0x00000000da8aa7f0,0x00000000daa00000)
  to   space 10752K, 0% used [0x00000000d9500000,0x00000000d9500000,0x00000000d9f80000)
 ParOldGen       total 173568K, used 104K [0x0000000080000000, 0x000000008a980000, 0x00000000d5580000)
  object space 173568K, 0% used [0x0000000080000000,0x000000008001a010,0x000000008a980000)
 Metaspace       used 20766K, capacity 21002K, committed 21296K, reserved 1069056K
  class space    used 2299K, capacity 2401K, committed 2432K, reserved 1048576K
GC Heap History (9 events):
Event: 0.907 GC heap before
{Heap before GC invocations=1 (full 0):
 PSYoungGen      total 75776K, used 65024K [0x00000000d5580000, 0x00000000daa00000, 0x0000000100000000)
  eden space 65024K, 100% used [0x00000000d5580000,0x00000000d9500000,0x00000000d9500000)
  from space 10752K, 0% used [0x00000000d9f80000,0x00000000d9f80000,0x00000000daa00000)
  to   space 10752K, 0% used [0x00000000d9500000,0x00000000d9500000,0x00000000d9f80000)
 ParOldGen       total 173568K, used 0K [0x0000000080000000, 0x000000008a980000, 0x00000000d5580000)
  object space 173568K, 0% used [0x0000000080000000,0x0000000080000000,0x000000008a980000)
 Metaspace       used 8696K, capacity 8848K, committed 8960K, reserved 1056768K
  class space    used 966K, capacity 1016K, committed 1024K, reserved 1048576K
Event: 0.911 GC heap after
Heap after GC invocations=1 (full 0):
 PSYoungGen      total 75776K, used 6858K [0x00000000d5580000, 0x00000000daa00000, 0x0000000100000000)
  eden space 65024K, 0% used [0x00000000d5580000,0x00000000d5580000,0x00000000d9500000)
  from space 10752K, 63% used [0x00000000d9500000,0x00000000d9bb2970,0x00000000d9f80000)
  to   space 10752K, 0% used [0x00000000d9f80000,0x00000000d9f80000,0x00000000daa00000)
 ParOldGen       total 173568K, used 16K [0x0000000080000000, 0x000000008a980000, 0x00000000d5580000)
  object space 173568K, 0% used [0x0000000080000000,0x0000000080004000,0x000000008a980000)
 Metaspace       used 8696K, capacity 8848K, committed 8960K, reserved 1056768K
  class space    used 966K, capacity 1016K, committed 1024K, reserved 1048576K
}
Event: 1.224 GC heap before
{Heap before GC invocations=2 (full 0):
 PSYoungGen      total 75776K, used 71882K [0x00000000d5580000, 0x00000000daa00000, 0x0000000100000000)
  eden space 65024K, 100% used [0x00000000d5580000,0x00000000d9500000,0x00000000d9500000)
  from space 10752K, 63% used [0x00000000d9500000,0x00000000d9bb2970,0x00000000d9f80000)
  to   space 10752K, 0% used [0x00000000d9f80000,0x00000000d9f80000,0x00000000daa00000)
 ParOldGen       total 173568K, used 16K [0x0000000080000000, 0x000000008a980000, 0x00000000d5580000)
  object space 173568K, 0% used [0x0000000080000000,0x0000000080004000,0x000000008a980000)
 Metaspace       used 11736K, capacity 11942K, committed 12160K, reserved 1060864K
  class space    used 1278K, capacity 1340K, committed 1408K, reserved 1048576K
Event: 1.228 GC heap after
Heap after GC invocations=2 (full 0):
 PSYoungGen      total 75776K, used 6568K [0x00000000d5580000, 0x00000000daa00000, 0x0000000100000000)
  eden space 65024K, 0% used [0x00000000d5580000,0x00000000d5580000,0x00000000d9500000)
  from space 10752K, 61% used [0x00000000d9f80000,0x00000000da5ea3a0,0x00000000daa00000)
  to   space 10752K, 0% used [0x00000000d9500000,0x00000000d9500000,0x00000000d9f80000)
 ParOldGen       total 173568K, used 24K [0x0000000080000000, 0x000000008a980000, 0x00000000d5580000)
  object space 173568K, 0% used [0x0000000080000000,0x0000000080006000,0x000000008a980000)
 Metaspace       used 11736K, capacity 11942K, committed 12160K, reserved 1060864K
  class space    used 1278K, capacity 1340K, committed 1408K, reserved 1048576K
}
Event: 1.697 GC heap before
{Heap before GC invocations=3 (full 0):
 PSYoungGen      total 75776K, used 71592K [0x00000000d5580000, 0x00000000daa00000, 0x0000000100000000)
  eden space 65024K, 100% used [0x00000000d5580000,0x00000000d9500000,0x00000000d9500000)
  from space 10752K, 61% used [0x00000000d9f80000,0x00000000da5ea3a0,0x00000000daa00000)
  to   space 10752K, 0% used [0x00000000d9500000,0x00000000d9500000,0x00000000d9f80000)
 ParOldGen       total 173568K, used 24K [0x0000000080000000, 0x000000008a980000, 0x00000000d5580000)
  object space 173568K, 0% used [0x0000000080000000,0x0000000080006000,0x000000008a980000)
 Metaspace       used 18490K, capacity 18726K, committed 19072K, reserved 1067008K
  class space    used 2014K, capacity 2113K, committed 2176K, reserved 1048576K
Event: 1.703 GC heap after
Heap after GC invocations=3 (full 0):
 PSYoungGen      total 75776K, used 9088K [0x00000000d5580000, 0x00000000daa00000, 0x0000000100000000)
  eden space 65024K, 0% used [0x00000000d5580000,0x00000000d5580000,0x00000000d9500000)
  from space 10752K, 84% used [0x00000000d9500000,0x00000000d9de0208,0x00000000d9f80000)
  to   space 10752K, 0% used [0x00000000d9f80000,0x00000000d9f80000,0x00000000daa00000)
 ParOldGen       total 173568K, used 96K [0x0000000080000000, 0x000000008a980000, 0x00000000d5580000)
  object space 173568K, 0% used [0x0000000080000000,0x0000000080018010,0x000000008a980000)
 Metaspace       used 18490K, capacity 18726K, committed 19072K, reserved 1067008K
  class space    used 2014K, capacity 2113K, committed 2176K, reserved 1048576K
}
Event: 2.017 GC heap before
{Heap before GC invocations=4 (full 0):
 PSYoungGen      total 75776K, used 53036K [0x00000000d5580000, 0x00000000daa00000, 0x0000000100000000)
  eden space 65024K, 67% used [0x00000000d5580000,0x00000000d806af68,0x00000000d9500000)
  from space 10752K, 84% used [0x00000000d9500000,0x00000000d9de0208,0x00000000d9f80000)
  to   space 10752K, 0% used [0x00000000d9f80000,0x00000000d9f80000,0x00000000daa00000)
 ParOldGen       total 173568K, used 96K [0x0000000080000000, 0x000000008a980000, 0x00000000d5580000)
  object space 173568K, 0% used [0x0000000080000000,0x0000000080018010,0x000000008a980000)
 Metaspace       used 20766K, capacity 21002K, committed 21296K, reserved 1069056K
  class space    used 2299K, capacity 2401K, committed 2432K, reserved 1048576K
Event: 2.022 GC heap after
Heap after GC invocations=4 (full 0):
 PSYoungGen      total 75776K, used 9385K [0x00000000d5580000, 0x00000000de980000, 0x0000000100000000)
  eden space 65024K, 0% used [0x00000000d5580000,0x00000000d5580000,0x00000000d9500000)
  from space 10752K, 87% used [0x00000000d9f80000,0x00000000da8aa7f0,0x00000000daa00000)
  to   space 10752K, 0% used [0x00000000d9500000,0x00000000d9500000,0x00000000d9f80000)
 ParOldGen       total 173568K, used 104K [0x0000000080000000, 0x000000008a980000, 0x00000000d5580000)
  object space 173568K, 0% used [0x0000000080000000,0x000000008001a010,0x000000008a980000)
 Metaspace       used 20766K, capacity 21002K, committed 21296K, reserved 1069056K
  class space    used 2299K, capacity 2401K, committed 2432K, reserved 1048576K
}
Event: 2.022 GC heap before
{Heap before GC invocations=5 (full 1):
 PSYoungGen      total 75776K, used 9385K [0x00000000d5580000, 0x00000000de980000, 0x0000000100000000)
  eden space 65024K, 0% used [0x00000000d5580000,0x00000000d5580000,0x00000000d9500000)
  from space 10752K, 87% used [0x00000000d9f80000,0x00000000da8aa7f0,0x00000000daa00000)
  to   space 10752K, 0% used [0x00000000d9500000,0x00000000d9500000,0x00000000d9f80000)
 ParOldGen       total 173568K, used 104K [0x0000000080000000, 0x000000008a980000, 0x00000000d5580000)
  object space 173568K, 0% used [0x0000000080000000,0x000000008001a010,0x000000008a980000)
 Metaspace       used 20766K, capacity 21002K, committed 21296K, reserved 1069056K
  class space    used 2299K, capacity 2401K, committed 2432K, reserved 1048576K

